2026-03-21 17:46:55 - ERROR: Timeout while calling API
2026-03-21 17:46:57 - INFO: User logged in
2026-03-21 17:47:00 - INFO: Request processed successfully
2026-03-21 17:47:03 - INFO: User logged in
2026-03-21 17:47:05 - ERROR: Database connection failed
2026-03-21 17:47:07 - WARNING: High memory usage detected
2026-03-21 17:47:09 - ERROR: Database connection failed
2026-03-21 17:47:12 - INFO: User logged in
2026-03-21 17:47:14 - WARNING: High memory usage detected
2026-03-21 17:47:17 - INFO: Request processed successfully
2026-03-21 17:47:19 - WARNING: Disk space running low
2026-03-21 17:47:21 - WARNING: High memory usage detected
2026-03-21 17:47:23 - INFO: User logged in
2026-03-21 17:47:25 - INFO: Request processed successfully
2026-03-21 17:47:27 - WARNING: High memory usage detected
2026-03-21 17:47:29 - INFO: Request processed successfully
2026-03-21 17:47:31 - WARNING: High memory usage detected
2026-03-21 17:47:33 - ERROR: Database connection failed
2026-03-21 17:47:36 - INFO: User logged in
2026-03-21 17:47:39 - WARNING: High memory usage detected
2026-03-21 17:47:41 - WARNING: Disk space running low
2026-03-21 17:47:44 - ERROR: Database connection failed
2026-03-21 17:47:47 - ERROR: Timeout while calling API
2026-03-21 17:47:49 - WARNING: Disk space running low
2026-03-21 17:47:51 - WARNING: Disk space running low
2026-03-21 17:47:54 - WARNING: High memory usage detected
2026-03-21 17:47:56 - INFO: Request processed successfully
2026-03-21 17:47:59 - WARNING: Disk space running low
2026-03-21 17:48:02 - INFO: User logged in
2026-03-21 17:48:04 - WARNING: Disk space running low
2026-03-21 17:48:06 - WARNING: Disk space running low
2026-03-21 17:48:09 - ERROR: Database connection failed
2026-03-21 17:48:12 - WARNING: Disk space running low
2026-03-21 17:48:14 - INFO: User logged in
2026-03-21 17:48:17 - WARNING: High memory usage detected
2026-03-21 17:48:19 - WARNING: Disk space running low
2026-03-21 17:48:22 - WARNING: High memory usage detected
2026-03-21 17:48:25 - WARNING: Disk space running low
2026-03-21 17:48:27 - WARNING: Disk space running low
2026-03-21 17:48:29 - ERROR: Timeout while calling API
2026-03-21 17:48:31 - ERROR: Timeout while calling API
2026-03-21 17:48:33 - INFO: Request processed successfully
2026-03-21 17:48:35 - ERROR: Database connection failed
2026-03-21 17:48:38 - WARNING: Disk space running low
2026-03-21 17:48:41 - ERROR: Timeout while calling API
2026-03-21 17:48:43 - WARNING: Disk space running low
2026-03-21 17:48:45 - INFO: Request processed successfully
2026-03-21 17:48:48 - INFO: User logged in
2026-03-21 17:48:51 - ERROR: Database connection failed
2026-03-21 17:48:54 - WARNING: Disk space running low
2026-03-21 17:48:57 - WARNING: High memory usage detected
2026-03-21 17:49:00 - WARNING: High memory usage detected
2026-03-21 17:49:02 - WARNING: High memory usage detected
2026-03-21 17:49:04 - WARNING: Disk space running low
2026-03-21 17:49:06 - INFO: Request processed successfully
2026-03-21 17:49:09 - ERROR: Timeout while calling API
2026-03-21 17:49:12 - ERROR: Database connection failed
2026-03-21 17:49:15 - ERROR: Timeout while calling API
2026-03-21 17:49:18 - INFO: Request processed successfully
2026-03-21 17:49:21 - ERROR: Database connection failed
2026-03-21 17:49:23 - INFO: User logged in
2026-03-21 17:49:26 - WARNING: Disk space running low
2026-03-21 17:49:29 - INFO: User logged in
2026-03-21 17:49:32 - INFO: User logged in
2026-03-21 17:49:34 - WARNING: Disk space running low
2026-03-21 17:49:36 - ERROR: Timeout while calling API
2026-03-21 17:49:39 - ERROR: Database connection failed
2026-03-21 17:49:42 - INFO: User logged in
2026-03-21 17:49:44 - ERROR: Timeout while calling API
2026-03-21 17:49:47 - INFO: User logged in
2026-03-21 17:49:50 - INFO: User logged in
2026-03-21 17:49:53 - INFO: Request processed successfully
2026-03-21 17:49:56 - WARNING: High memory usage detected
2026-03-21 17:49:58 - ERROR: Timeout while calling API
2026-03-21 17:50:00 - INFO: Request processed successfully
2026-03-21 17:50:02 - INFO: User logged in
2026-03-21 17:50:04 - WARNING: High memory usage detected
2026-03-21 17:50:07 - ERROR: Database connection failed
2026-03-21 17:50:10 - ERROR: Database connection failed
2026-03-21 17:50:12 - INFO: User logged in
2026-03-21 17:50:15 - WARNING: Disk space running low
2026-03-21 17:50:17 - WARNING: High memory usage detected
2026-03-21 17:50:19 - WARNING: High memory usage detected
2026-03-21 17:50:22 - WARNING: Disk space running low
2026-03-21 17:50:25 - INFO: User logged in
2026-03-21 17:50:28 - ERROR: Database connection failed
2026-03-21 17:50:31 - WARNING: High memory usage detected
2026-03-21 17:50:33 - INFO: User logged in
2026-03-21 17:50:35 - WARNING: High memory usage detected
2026-03-21 17:50:38 - WARNING: Disk space running low
2026-03-21 17:50:41 - WARNING: High memory usage detected
2026-03-21 17:50:44 - INFO: Request processed successfully
2026-03-21 17:50:46 - INFO: Request processed successfully
2026-03-21 17:50:49 - WARNING: Disk space running low
2026-03-21 17:50:52 - INFO: User logged in
2026-03-21 17:50:54 - WARNING: Disk space running low
2026-03-21 17:50:56 - ERROR: Database connection failed
2026-03-21 17:50:59 - ERROR: Database connection failed
2026-03-21 17:51:01 - INFO: Request processed successfully
2026-03-21 17:51:04 - WARNING: High memory usage detected
2026-03-21 17:51:06 - ERROR: Timeout while calling API
2026-03-21 17:51:09 - WARNING: High memory usage detected
2026-03-21 17:51:11 - WARNING: Disk space running low
2026-03-21 17:51:14 - WARNING: High memory usage detected
2026-03-21 17:51:17 - WARNING: High memory usage detected
2026-03-21 17:51:20 - INFO: User logged in
2026-03-21 17:51:22 - ERROR: Database connection failed
2026-03-21 17:51:25 - WARNING: Disk space running low
2026-03-21 17:51:27 - WARNING: Disk space running low
2026-03-21 17:51:29 - WARNING: Disk space running low
2026-03-21 17:51:31 - INFO: Request processed successfully
2026-03-21 17:51:33 - ERROR: Timeout while calling API
2026-03-21 17:51:35 - WARNING: Disk space running low
2026-03-21 17:51:38 - INFO: Request processed successfully
2026-03-21 17:51:41 - INFO: User logged in
2026-03-21 17:51:44 - INFO: User logged in
2026-03-21 17:51:47 - ERROR: Timeout while calling API
2026-03-21 17:51:49 - WARNING: Disk space running low
2026-03-21 17:51:52 - ERROR: Database connection failed
2026-03-21 17:51:54 - WARNING: High memory usage detected
2026-03-21 17:51:56 - WARNING: High memory usage detected
2026-03-21 17:51:58 - WARNING: Disk space running low
2026-03-21 17:56:36 - INFO: Request processed successfully
2026-03-21 17:56:39 - WARNING: High memory usage detected
2026-03-21 17:56:41 - ERROR: Timeout while calling API
2026-03-21 17:56:43 - WARNING: High memory usage detected
2026-03-21 17:56:45 - INFO: Request processed successfully
2026-03-21 17:56:47 - INFO: Request processed successfully
2026-03-21 17:56:50 - ERROR: Database connection failed
2026-03-21 17:56:53 - ERROR: Timeout while calling API
2026-03-21 17:56:55 - INFO: Request processed successfully
2026-03-21 17:56:57 - WARNING: High memory usage detected
2026-03-21 17:56:59 - WARNING: High memory usage detected
2026-03-21 17:57:02 - ERROR: Database connection failed
2026-03-21 17:57:05 - ERROR: Timeout while calling API
2026-03-21 17:57:08 - WARNING: High memory usage detected
2026-03-21 17:57:10 - WARNING: High memory usage detected
2026-03-21 17:57:12 - INFO: Request processed successfully
2026-03-21 17:57:14 - INFO: User logged in
2026-03-21 17:57:16 - ERROR: Database connection failed
2026-03-21 17:57:18 - ERROR: Database connection failed
2026-03-21 17:57:20 - ERROR: Database connection failed
2026-03-21 17:57:22 - WARNING: High memory usage detected
2026-03-21 17:57:24 - INFO: User logged in
2026-03-21 17:57:26 - INFO: User logged in
2026-03-21 17:57:28 - ERROR: Timeout while calling API
2026-03-21 17:57:30 - ERROR: Database connection failed
2026-03-21 17:57:32 - INFO: Request processed successfully
2026-03-21 17:57:34 - WARNING: High memory usage detected
2026-03-21 17:57:37 - WARNING: High memory usage detected
2026-03-21 17:57:40 - ERROR: Database connection failed
2026-03-21 17:57:43 - ERROR: Timeout while calling API
2026-03-21 17:57:45 - INFO: User logged in
2026-03-21 17:57:48 - INFO: User logged in
2026-03-21 17:57:51 - INFO: User logged in
2026-03-21 17:57:54 - INFO: Request processed successfully
2026-03-21 17:57:56 - WARNING: High memory usage detected
2026-03-21 17:57:58 - INFO: User logged in
2026-03-21 17:58:01 - WARNING: High memory usage detected
2026-03-21 17:58:04 - WARNING: High memory usage detected
2026-03-21 17:58:07 - ERROR: Timeout while calling API
2026-03-21 17:58:09 - WARNING: Disk space running low
2026-03-21 17:58:11 - ERROR: Database connection failed
2026-03-21 17:58:13 - ERROR: Database connection failed
